<?xml version="1.0" encoding="UTF-8"?>
<!-- Generated by org.testng.reporters.JUnitReportReporter -->
<testsuite hostname="DESKTOP-F4G7IQ8" failures="0" tests="1" name="tests.FourTest" time="10.319" errors="0" timestamp="2025-08-31T12:48:35 IST" skipped="0">
  <testcase classname="tests.FourTest" name="testFour" time="10.319"/>
  <system-out/>
</testsuite> <!-- tests.FourTest -->
