<?xml version="1.0" encoding="UTF-8"?>
<!-- Generated by org.testng.reporters.JUnitReportReporter -->
<testsuite hostname="DESKTOP-F4G7IQ8" failures="0" tests="2" name="tests.LoginTest" time="28.839" errors="0" timestamp="2025-08-31T12:48:35 IST" skipped="0">
  <testcase classname="tests.LoginTest" name="login" time="18.314"/>
  <system-out/>
  <testcase classname="tests.LoginTest" name="login" time="10.525"/>
  <system-out/>
</testsuite> <!-- tests.LoginTest -->
