<?xml version="1.0" encoding="UTF-8"?>
<!-- Generated by org.testng.reporters.JUnitReportReporter -->
<testsuite hostname="DESKTOP-F4G7IQ8" failures="0" tests="2" name="tests.LoginTest" time="20.688" errors="0" timestamp="2025-08-30T13:07:41 IST" skipped="0">
  <testcase classname="tests.LoginTest" name="login" time="5.555"/>
  <system-out/>
  <testcase classname="tests.LoginTest" name="login" time="15.133"/>
  <system-out/>
</testsuite> <!-- tests.LoginTest -->
